Removed Pin From Net: NetName=NetJ1_11 Pin=U1-1
Removed Pin From Net: NetName=NetP1_4 Pin=U1-2
Removed Pin From Net: NetName=NetP2_4 Pin=U1-3
Removed Pin From Net: NetName=NetJ1_4 Pin=U1-4
Removed Pin From Net: NetName=NetP3_4 Pin=U1-5
Removed Pin From Net: NetName=NetP4_4 Pin=U1-6
Removed Pin From Net: NetName=NetJ1_5 Pin=U1-7
Removed Pin From Net: NetName=GND Pin=U1-8
Removed Pin From Net: NetName=NetJ1_6 Pin=U1-9
Removed Pin From Net: NetName=NetP5_4 Pin=U1-10
Removed Pin From Net: NetName=NetP6_4 Pin=U1-11
Removed Pin From Net: NetName=NetJ1_7 Pin=U1-12
Removed Pin From Net: NetName=NetP9_4 Pin=U1-13
Removed Pin From Net: NetName=NetP7_4 Pin=U1-14
Removed Pin From Net: NetName=GND Pin=U1-15
Removed Pin From Net: NetName=VCC Pin=U1-16
Removed Pin From Net: NetName=NetJ1_11 Pin=U2-1
Removed Pin From Net: NetName=NetP8_4 Pin=U2-2
Removed Pin From Net: NetName=NetP10_4 Pin=U2-3
Removed Pin From Net: NetName=NetJ1_8 Pin=U2-4
Removed Pin From Net: NetName=NetP11_4 Pin=U2-5
Removed Pin From Net: NetName=NetP12_4 Pin=U2-6
Removed Pin From Net: NetName=NetJ1_9 Pin=U2-7
Removed Pin From Net: NetName=GND Pin=U2-8
Removed Pin From Net: NetName=NetJ1_10 Pin=U2-9
Removed Pin From Net: NetName=NetP13_4 Pin=U2-10
Removed Pin From Net: NetName=NetP14_4 Pin=U2-11
Removed Pin From Net: NetName=GND Pin=U2-13
Removed Pin From Net: NetName=GND Pin=U2-14
Removed Pin From Net: NetName=GND Pin=U2-15
Removed Pin From Net: NetName=VCC Pin=U2-16
Added Component: Designator=U1(TSOP65P650X110-16N)
Added Component: Designator=U2(TSOP65P650X110-16N)
Added Pin To Net: NetName=NetJ1_11 Pin=U1-1
Added Pin To Net: NetName=NetP1_4 Pin=U1-2
Added Pin To Net: NetName=NetP2_4 Pin=U1-3
Added Pin To Net: NetName=NetJ1_4 Pin=U1-4
Added Pin To Net: NetName=NetP3_4 Pin=U1-5
Added Pin To Net: NetName=NetP4_4 Pin=U1-6
Added Pin To Net: NetName=NetJ1_5 Pin=U1-7
Added Pin To Net: NetName=GND Pin=U1-8
Added Pin To Net: NetName=NetJ1_6 Pin=U1-9
Added Pin To Net: NetName=NetP5_4 Pin=U1-10
Added Pin To Net: NetName=NetP6_4 Pin=U1-11
Added Pin To Net: NetName=NetJ1_7 Pin=U1-12
Added Pin To Net: NetName=NetP9_4 Pin=U1-13
Added Pin To Net: NetName=NetP7_4 Pin=U1-14
Added Pin To Net: NetName=GND Pin=U1-15
Added Pin To Net: NetName=VCC Pin=U1-16
Added Pin To Net: NetName=NetJ1_11 Pin=U2-1
Added Pin To Net: NetName=NetP8_4 Pin=U2-2
Added Pin To Net: NetName=NetP10_4 Pin=U2-3
Added Pin To Net: NetName=NetJ1_8 Pin=U2-4
Added Pin To Net: NetName=NetP11_4 Pin=U2-5
Added Pin To Net: NetName=NetP12_4 Pin=U2-6
Added Pin To Net: NetName=NetJ1_9 Pin=U2-7
Added Pin To Net: NetName=GND Pin=U2-8
Added Pin To Net: NetName=NetJ1_10 Pin=U2-9
Added Pin To Net: NetName=NetP13_4 Pin=U2-10
Added Pin To Net: NetName=NetP14_4 Pin=U2-11
Added Pin To Net: NetName=GND Pin=U2-13
Added Pin To Net: NetName=GND Pin=U2-14
Added Pin To Net: NetName=GND Pin=U2-15
Added Pin To Net: NetName=VCC Pin=U2-16
Added Room: Name=front_sensor
