Added Component: Designator=J1(MICRO-MATCH-12)
Added Component: Designator=JP1(2.54_1X3H)
Added Component: Designator=JP2(2.54_1X3H)
Added Component: Designator=P1(QRE1113GR)
Added Component: Designator=P2(QRE1113GR)
Added Component: Designator=P3(QRE1113GR)
Added Component: Designator=P4(QRE1113GR)
Added Component: Designator=P5(QRE1113GR)
Added Component: Designator=P6(QRE1113GR)
Added Component: Designator=P7(QRE1113GR)
Added Component: Designator=P8(QRE1113GR)
Added Component: Designator=P9(QRE1113GR)
Added Component: Designator=P10(QRE1113GR)
Added Component: Designator=P11(QRE1113GR)
Added Component: Designator=P12(QRE1113GR)
Added Component: Designator=P13(QRE1113GR)
Added Component: Designator=P14(QRE1113GR)
Added Component: Designator=R1(R0603)
Added Component: Designator=R2(R0603)
Added Component: Designator=R3(R0603)
Added Component: Designator=R4(R0603)
Added Component: Designator=R5(R0603)
Added Component: Designator=R6(R0603)
Added Component: Designator=R7(R0603)
Added Component: Designator=R8(R0603)
Added Component: Designator=R9(R0603)
Added Component: Designator=R10(R0603)
Added Component: Designator=R11(R0603)
Added Component: Designator=R12(R0603)
Added Component: Designator=R13(R0603)
Added Component: Designator=R14(R0603)
Added Component: Designator=U1(TSOP65P650X110-16N)
Added Component: Designator=U2(TSOP65P650X110-16N)
Added Pin To Net: NetName=VCC Pin=J1-1
Added Pin To Net: NetName=NetJ1_2 Pin=J1-2
Added Pin To Net: NetName=NetJ1_3 Pin=J1-3
Added Pin To Net: NetName=NetJ1_4 Pin=J1-4
Added Pin To Net: NetName=NetJ1_5 Pin=J1-5
Added Pin To Net: NetName=NetJ1_6 Pin=J1-6
Added Pin To Net: NetName=NetJ1_7 Pin=J1-7
Added Pin To Net: NetName=NetJ1_8 Pin=J1-8
Added Pin To Net: NetName=NetJ1_9 Pin=J1-9
Added Pin To Net: NetName=NetJ1_10 Pin=J1-10
Added Pin To Net: NetName=NetJ1_11 Pin=J1-11
Added Pin To Net: NetName=GND Pin=J1-12
Added Pin To Net: NetName=VCC Pin=JP1-1
Added Pin To Net: NetName=GND Pin=JP1-2
Added Pin To Net: NetName=NetJ1_2 Pin=JP1-3
Added Pin To Net: NetName=VCC Pin=JP2-1
Added Pin To Net: NetName=GND Pin=JP2-2
Added Pin To Net: NetName=NetJ1_3 Pin=JP2-3
Added Pin To Net: NetName=VCC Pin=P1-1
Added Pin To Net: NetName=NetP1_2 Pin=P1-2
Added Pin To Net: NetName=VCC Pin=P1-3
Added Pin To Net: NetName=NetP1_4 Pin=P1-4
Added Pin To Net: NetName=VCC Pin=P2-1
Added Pin To Net: NetName=NetP2_2 Pin=P2-2
Added Pin To Net: NetName=VCC Pin=P2-3
Added Pin To Net: NetName=NetP2_4 Pin=P2-4
Added Pin To Net: NetName=VCC Pin=P3-1
Added Pin To Net: NetName=NetP3_2 Pin=P3-2
Added Pin To Net: NetName=VCC Pin=P3-3
Added Pin To Net: NetName=NetP3_4 Pin=P3-4
Added Pin To Net: NetName=VCC Pin=P4-1
Added Pin To Net: NetName=NetP4_2 Pin=P4-2
Added Pin To Net: NetName=VCC Pin=P4-3
Added Pin To Net: NetName=NetP4_4 Pin=P4-4
Added Pin To Net: NetName=VCC Pin=P5-1
Added Pin To Net: NetName=NetP5_2 Pin=P5-2
Added Pin To Net: NetName=VCC Pin=P5-3
Added Pin To Net: NetName=NetP5_4 Pin=P5-4
Added Pin To Net: NetName=VCC Pin=P6-1
Added Pin To Net: NetName=NetP6_2 Pin=P6-2
Added Pin To Net: NetName=VCC Pin=P6-3
Added Pin To Net: NetName=NetP6_4 Pin=P6-4
Added Pin To Net: NetName=VCC Pin=P7-1
Added Pin To Net: NetName=NetP7_2 Pin=P7-2
Added Pin To Net: NetName=VCC Pin=P7-3
Added Pin To Net: NetName=NetP7_4 Pin=P7-4
Added Pin To Net: NetName=VCC Pin=P8-1
Added Pin To Net: NetName=NetP8_2 Pin=P8-2
Added Pin To Net: NetName=VCC Pin=P8-3
Added Pin To Net: NetName=NetP8_4 Pin=P8-4
Added Pin To Net: NetName=VCC Pin=P9-1
Added Pin To Net: NetName=NetP9_2 Pin=P9-2
Added Pin To Net: NetName=VCC Pin=P9-3
Added Pin To Net: NetName=NetP9_4 Pin=P9-4
Added Pin To Net: NetName=VCC Pin=P10-1
Added Pin To Net: NetName=NetP10_2 Pin=P10-2
Added Pin To Net: NetName=VCC Pin=P10-3
Added Pin To Net: NetName=NetP10_4 Pin=P10-4
Added Pin To Net: NetName=VCC Pin=P11-1
Added Pin To Net: NetName=NetP11_2 Pin=P11-2
Added Pin To Net: NetName=VCC Pin=P11-3
Added Pin To Net: NetName=NetP11_4 Pin=P11-4
Added Pin To Net: NetName=VCC Pin=P12-1
Added Pin To Net: NetName=NetP12_2 Pin=P12-2
Added Pin To Net: NetName=VCC Pin=P12-3
Added Pin To Net: NetName=NetP12_4 Pin=P12-4
Added Pin To Net: NetName=VCC Pin=P13-1
Added Pin To Net: NetName=NetP13_2 Pin=P13-2
Added Pin To Net: NetName=VCC Pin=P13-3
Added Pin To Net: NetName=NetP13_4 Pin=P13-4
Added Pin To Net: NetName=VCC Pin=P14-1
Added Pin To Net: NetName=NetP14_2 Pin=P14-2
Added Pin To Net: NetName=VCC Pin=P14-3
Added Pin To Net: NetName=NetP14_4 Pin=P14-4
Added Pin To Net: NetName=NetP1_2 Pin=R1-1
Added Pin To Net: NetName=GND Pin=R1-2
Added Pin To Net: NetName=NetP2_2 Pin=R2-1
Added Pin To Net: NetName=GND Pin=R2-2
Added Pin To Net: NetName=NetP3_2 Pin=R3-1
Added Pin To Net: NetName=GND Pin=R3-2
Added Pin To Net: NetName=NetP4_2 Pin=R4-1
Added Pin To Net: NetName=GND Pin=R4-2
Added Pin To Net: NetName=NetP5_2 Pin=R5-1
Added Pin To Net: NetName=GND Pin=R5-2
Added Pin To Net: NetName=NetP6_2 Pin=R6-1
Added Pin To Net: NetName=GND Pin=R6-2
Added Pin To Net: NetName=NetP7_2 Pin=R7-1
Added Pin To Net: NetName=GND Pin=R7-2
Added Pin To Net: NetName=NetP8_2 Pin=R8-1
Added Pin To Net: NetName=GND Pin=R8-2
Added Pin To Net: NetName=NetP9_2 Pin=R9-1
Added Pin To Net: NetName=GND Pin=R9-2
Added Pin To Net: NetName=NetP10_2 Pin=R10-1
Added Pin To Net: NetName=GND Pin=R10-2
Added Pin To Net: NetName=NetP11_2 Pin=R11-1
Added Pin To Net: NetName=GND Pin=R11-2
Added Pin To Net: NetName=NetP12_2 Pin=R12-1
Added Pin To Net: NetName=GND Pin=R12-2
Added Pin To Net: NetName=NetP13_2 Pin=R13-1
Added Pin To Net: NetName=GND Pin=R13-2
Added Pin To Net: NetName=NetP14_2 Pin=R14-1
Added Pin To Net: NetName=GND Pin=R14-2
Added Pin To Net: NetName=NetJ1_11 Pin=U1-1
Added Pin To Net: NetName=NetP1_4 Pin=U1-2
Added Pin To Net: NetName=NetP2_4 Pin=U1-3
Added Pin To Net: NetName=NetJ1_4 Pin=U1-4
Added Pin To Net: NetName=NetP3_4 Pin=U1-5
Added Pin To Net: NetName=NetP4_4 Pin=U1-6
Added Pin To Net: NetName=NetJ1_5 Pin=U1-7
Added Pin To Net: NetName=GND Pin=U1-8
Added Pin To Net: NetName=NetJ1_6 Pin=U1-9
Added Pin To Net: NetName=NetP5_4 Pin=U1-10
Added Pin To Net: NetName=NetP6_4 Pin=U1-11
Added Pin To Net: NetName=NetJ1_7 Pin=U1-12
Added Pin To Net: NetName=NetP9_4 Pin=U1-13
Added Pin To Net: NetName=NetP7_4 Pin=U1-14
Added Pin To Net: NetName=GND Pin=U1-15
Added Pin To Net: NetName=VCC Pin=U1-16
Added Pin To Net: NetName=NetJ1_11 Pin=U2-1
Added Pin To Net: NetName=NetP8_4 Pin=U2-2
Added Pin To Net: NetName=NetP10_4 Pin=U2-3
Added Pin To Net: NetName=NetJ1_8 Pin=U2-4
Added Pin To Net: NetName=NetP11_4 Pin=U2-5
Added Pin To Net: NetName=NetP12_4 Pin=U2-6
Added Pin To Net: NetName=NetJ1_9 Pin=U2-7
Added Pin To Net: NetName=GND Pin=U2-8
Added Pin To Net: NetName=NetJ1_10 Pin=U2-9
Added Pin To Net: NetName=NetP13_4 Pin=U2-10
Added Pin To Net: NetName=NetP14_4 Pin=U2-11
Added Pin To Net: NetName=GND Pin=U2-13
Added Pin To Net: NetName=GND Pin=U2-14
Added Pin To Net: NetName=GND Pin=U2-15
Added Pin To Net: NetName=VCC Pin=U2-16
Added Member To Class: ClassName=front_sensor Member=Component J1 HEADER-12
Added Member To Class: ClassName=front_sensor Member=Component JP1 PIN_1x3
Added Member To Class: ClassName=front_sensor Member=Component JP2 PIN_1x3
Added Member To Class: ClassName=front_sensor Member=Component P1 QRE1113GR
Added Member To Class: ClassName=front_sensor Member=Component P2 QRE1113GR
Added Member To Class: ClassName=front_sensor Member=Component P3 QRE1113GR
Added Member To Class: ClassName=front_sensor Member=Component P4 QRE1113GR
Added Member To Class: ClassName=front_sensor Member=Component P5 QRE1113GR
Added Member To Class: ClassName=front_sensor Member=Component P6 QRE1113GR
Added Member To Class: ClassName=front_sensor Member=Component P7 QRE1113GR
Added Member To Class: ClassName=front_sensor Member=Component P8 QRE1113GR
Added Member To Class: ClassName=front_sensor Member=Component P9 QRE1113GR
Added Member To Class: ClassName=front_sensor Member=Component P10 QRE1113GR
Added Member To Class: ClassName=front_sensor Member=Component P11 QRE1113GR
Added Member To Class: ClassName=front_sensor Member=Component P12 QRE1113GR
Added Member To Class: ClassName=front_sensor Member=Component P13 QRE1113GR
Added Member To Class: ClassName=front_sensor Member=Component P14 QRE1113GR
Added Member To Class: ClassName=front_sensor Member=Component R1 180R
Added Member To Class: ClassName=front_sensor Member=Component R2 180R
Added Member To Class: ClassName=front_sensor Member=Component R3 180R
Added Member To Class: ClassName=front_sensor Member=Component R4 180R
Added Member To Class: ClassName=front_sensor Member=Component R5 180R
Added Member To Class: ClassName=front_sensor Member=Component R6 180R
Added Member To Class: ClassName=front_sensor Member=Component R7 180R
Added Member To Class: ClassName=front_sensor Member=Component R8 180R
Added Member To Class: ClassName=front_sensor Member=Component R9 180R
Added Member To Class: ClassName=front_sensor Member=Component R10 180R
Added Member To Class: ClassName=front_sensor Member=Component R11 180R
Added Member To Class: ClassName=front_sensor Member=Component R12 180R
Added Member To Class: ClassName=front_sensor Member=Component R13 180R
Added Member To Class: ClassName=front_sensor Member=Component R14 180R
Added Member To Class: ClassName=front_sensor Member=Component U1 mux
Added Member To Class: ClassName=front_sensor Member=Component U2 mux
Added Room: Name=front_sensor
